<?xml version="1.0" encoding="UTF-8"?>
<testng-results skipped="0" failed="0" ignored="0" total="1" passed="1">
  <reporter-output>
  </reporter-output>
  <suite name="opencart" duration-ms="8134" started-at="2022-07-15T13:29:50 EDT" finished-at="2022-07-15T13:29:58 EDT">
    <groups>
      <group name="sanity">
        <method signature="TC_002_Login.test_login()[pri:0, instance:testCases.TC_002_Login@8646db9]" name="test_login" class="testCases.TC_002_Login"/>
      </group> <!-- sanity -->
      <group name="master">
        <method signature="TC_002_Login.test_login()[pri:0, instance:testCases.TC_002_Login@8646db9]" name="test_login" class="testCases.TC_002_Login"/>
      </group> <!-- master -->
    </groups>
    <test name="Test" duration-ms="8134" started-at="2022-07-15T13:29:50 EDT" finished-at="2022-07-15T13:29:58 EDT">
      <class name="testCases.TC_002_Login">
        <test-method status="PASS" signature="setup(java.lang.String)[pri:0, instance:testCases.TC_002_Login@8646db9]" name="setup" is-config="true" duration-ms="4027" started-at="2022-07-15T13:29:50 EDT" finished-at="2022-07-15T13:29:55 EDT">
          <params>
            <param index="0">
              <value>
                <![CDATA[chrome]]>
              </value>
            </param>
          </params>
          <reporter-output>
          </reporter-output>
        </test-method> <!-- setup -->
        <test-method status="PASS" signature="test_login()[pri:0, instance:testCases.TC_002_Login@8646db9]" name="test_login" duration-ms="2918" started-at="2022-07-15T13:29:55 EDT" finished-at="2022-07-15T13:29:57 EDT">
          <reporter-output>
          </reporter-output>
        </test-method> <!-- test_login -->
        <test-method status="PASS" signature="tearDown()[pri:0, instance:testCases.TC_002_Login@8646db9]" name="tearDown" is-config="true" duration-ms="843" started-at="2022-07-15T13:29:57 EDT" finished-at="2022-07-15T13:29:58 EDT">
          <reporter-output>
          </reporter-output>
        </test-method> <!-- tearDown -->
      </class> <!-- testCases.TC_002_Login -->
    </test> <!-- Test -->
  </suite> <!-- opencart -->
</testng-results>
