<?xml version="1.0" encoding="UTF-8"?>
<testng-results ignored="0" total="1" passed="1" failed="0" skipped="0">
  <reporter-output>
  </reporter-output>
  <suite started-at="2022-07-15T13:28:05 EDT" name="opencart" finished-at="2022-07-15T13:28:13 EDT" duration-ms="8333">
    <groups>
      <group name="sanity">
        <method signature="TC_002_Login.test_login()[pri:0, instance:testCases.TC_002_Login@18df8434]" name="test_login" class="testCases.TC_002_Login"/>
      </group> <!-- sanity -->
      <group name="master">
        <method signature="TC_002_Login.test_login()[pri:0, instance:testCases.TC_002_Login@18df8434]" name="test_login" class="testCases.TC_002_Login"/>
      </group> <!-- master -->
    </groups>
    <test started-at="2022-07-15T13:28:05 EDT" name="Test" finished-at="2022-07-15T13:28:13 EDT" duration-ms="8333">
      <class name="testCases.TC_002_Login">
        <test-method is-config="true" signature="setup(java.lang.String)[pri:0, instance:testCases.TC_002_Login@18df8434]" started-at="2022-07-15T13:28:06 EDT" name="setup" finished-at="2022-07-15T13:28:10 EDT" duration-ms="4059" status="PASS">
          <params>
            <param index="0">
              <value>
                <![CDATA[chrome]]>
              </value>
            </param>
          </params>
          <reporter-output>
          </reporter-output>
        </test-method> <!-- setup -->
        <test-method signature="test_login()[pri:0, instance:testCases.TC_002_Login@18df8434]" started-at="2022-07-15T13:28:10 EDT" name="test_login" finished-at="2022-07-15T13:28:13 EDT" duration-ms="3397" status="PASS">
          <reporter-output>
          </reporter-output>
        </test-method> <!-- test_login -->
        <test-method is-config="true" signature="tearDown()[pri:0, instance:testCases.TC_002_Login@18df8434]" started-at="2022-07-15T13:28:13 EDT" name="tearDown" finished-at="2022-07-15T13:28:13 EDT" duration-ms="367" status="PASS">
          <reporter-output>
          </reporter-output>
        </test-method> <!-- tearDown -->
      </class> <!-- testCases.TC_002_Login -->
    </test> <!-- Test -->
  </suite> <!-- opencart -->
</testng-results>
